BAP4/Temp/gradleOut/launcher/build/intermediates/manifest_merge_blame_file/release/manifest-merger-blame-release-report.txt
1<?xml version="1.0" encoding="utf-8"?>
2<!-- GENERATED BY UNITY. REMOVE THIS COMMENT TO PREVENT OVERWRITING WHEN EXPORTING AGAIN -->
3<manifest xmlns:android="http://schemas.android.com/apk/res/android"
4    package="com.DefaultCompany.BAP4"
5    android:installLocation="preferExternal"
6    android:versionCode="1"
7    android:versionName="0.1" >
8
9    <uses-sdk
10        android:minSdkVersion="24"
10-->src/main/AndroidManifest.xml
11        android:targetSdkVersion="30" />
11-->src/main/AndroidManifest.xml
12
13    <supports-screens
13-->src/main/AndroidManifest.xml:4:3-163
14        android:anyDensity="true"
14-->src/main/AndroidManifest.xml:4:135-160
15        android:largeScreens="true"
15-->src/main/AndroidManifest.xml:4:78-105
16        android:normalScreens="true"
16-->src/main/AndroidManifest.xml:4:49-77
17        android:smallScreens="true"
17-->src/main/AndroidManifest.xml:4:21-48
18        android:xlargeScreens="true" />
18-->src/main/AndroidManifest.xml:4:106-134
19
20    <uses-feature android:glEsVersion="0x00030000" />
20-->[:unityLibrary] AndroidManifest.xml:13:5-54
20-->[:unityLibrary] AndroidManifest.xml:13:19-51
21
22    <uses-permission android:name="android.permission.INTERNET" />
22-->[:unityLibrary] AndroidManifest.xml:15:5-67
22-->[:unityLibrary] AndroidManifest.xml:15:22-64
23    <uses-permission android:name="android.permission.ACCESS_FINE_LOCATION" />
23-->[:unityLibrary] AndroidManifest.xml:16:5-79
23-->[:unityLibrary] AndroidManifest.xml:16:22-76
24
25    <uses-feature
25-->[:unityLibrary] AndroidManifest.xml:18:5-20:36
26        android:name="android.hardware.location.gps"
26-->[:unityLibrary] AndroidManifest.xml:19:9-53
27        android:required="true" />
27-->[:unityLibrary] AndroidManifest.xml:20:9-33
28    <uses-feature
28-->[:unityLibrary] AndroidManifest.xml:21:5-23:36
29        android:name="android.hardware.location"
29-->[:unityLibrary] AndroidManifest.xml:22:9-49
30        android:required="false" />
30-->[:unityLibrary] AndroidManifest.xml:23:9-33
31    <uses-feature
31-->[:unityLibrary] AndroidManifest.xml:24:5-26:36
32        android:name="android.hardware.touchscreen"
32-->[:unityLibrary] AndroidManifest.xml:25:9-52
33        android:required="false" />
33-->[:unityLibrary] AndroidManifest.xml:26:9-33
34    <uses-feature
34-->[:unityLibrary] AndroidManifest.xml:27:5-29:36
35        android:name="android.hardware.touchscreen.multitouch"
35-->[:unityLibrary] AndroidManifest.xml:28:9-63
36        android:required="false" />
36-->[:unityLibrary] AndroidManifest.xml:29:9-33
37    <uses-feature
37-->[:unityLibrary] AndroidManifest.xml:30:5-32:36
38        android:name="android.hardware.touchscreen.multitouch.distinct"
38-->[:unityLibrary] AndroidManifest.xml:31:9-72
39        android:required="false" />
39-->[:unityLibrary] AndroidManifest.xml:32:9-33
40
41    <uses-permission android:name="android.permission.CAMERA" />
41-->[:unityLibrary] AndroidManifest.xml:34:5-65
41-->[:unityLibrary] AndroidManifest.xml:34:22-62
42
43    <uses-feature
43-->[:unityLibrary] AndroidManifest.xml:36:5-38:35
44        android:name="android.hardware.camera.ar"
44-->[:unityLibrary] AndroidManifest.xml:37:9-50
45        android:required="true" />
45-->[:unityLibrary] AndroidManifest.xml:38:9-32
46
47    <uses-permission android:name="android.permission.READ_EXTERNAL_STORAGE" />
47-->[:NativeGallery:] AndroidManifest.xml:4:2-98
47-->[:NativeGallery:] AndroidManifest.xml:4:19-74
48
49    <queries>
49-->[:arcore_client:] AndroidManifest.xml:29:5-31:15
50        <package android:name="com.google.ar.core" />
50-->[:arcore_client:] AndroidManifest.xml:30:9-54
50-->[:arcore_client:] AndroidManifest.xml:30:18-51
51    </queries>
52
53    <uses-permission android:name="android.permission.ACCESS_COARSE_LOCATION" />
53-->[:com.mapbox.android.unity-debug:] AndroidManifest.xml:12:5-81
53-->[:com.mapbox.android.unity-debug:] AndroidManifest.xml:12:22-78
54    <uses-permission android:name="android.permission.ACCESS_NETWORK_STATE" /> <!-- Required for CrashReporterJobIntentService on API levels below 25 -->
54-->[:libcore-release:] AndroidManifest.xml:12:5-79
54-->[:libcore-release:] AndroidManifest.xml:12:22-76
55    <uses-permission android:name="android.permission.WAKE_LOCK" />
55-->[:libtelemetry-full-release:] AndroidManifest.xml:12:5-68
55-->[:libtelemetry-full-release:] AndroidManifest.xml:12:22-65
56    <uses-permission android:name="android.permission.ACCESS_WIFI_STATE" />
56-->[:libtelemetry-full-release:] AndroidManifest.xml:15:5-76
56-->[:libtelemetry-full-release:] AndroidManifest.xml:15:22-73
57    <uses-permission android:name="android.permission.VIBRATE" />
57-->[:simple-android-notifications:] AndroidManifest.xml:7:2-63
57-->[:simple-android-notifications:] AndroidManifest.xml:7:19-60
58
59    <application
59-->src/main/AndroidManifest.xml:5:3-83
60        android:extractNativeLibs="false"
61        android:icon="@mipmap/app_icon"
61-->src/main/AndroidManifest.xml:5:49-80
62        android:label="@string/app_name"
62-->src/main/AndroidManifest.xml:5:16-48
63        android:largeHeap="true"
63-->[:simple-android-notifications:] AndroidManifest.xml:9:18-42
64        android:requestLegacyExternalStorage="true" >
64-->[:NativeGallery:] AndroidManifest.xml:5:15-58
65        <activity
65-->[:unityLibrary] AndroidManifest.xml:41:9-60:20
66            android:name="com.unity3d.player.UnityPlayerActivity"
66-->[:unityLibrary] AndroidManifest.xml:42:13-66
67            android:configChanges="mcc|mnc|locale|touchscreen|keyboard|keyboardHidden|navigation|orientation|screenLayout|uiMode|screenSize|smallestScreenSize|fontScale|layoutDirection|density"
67-->[:unityLibrary] AndroidManifest.xml:43:13-194
68            android:hardwareAccelerated="false"
68-->[:unityLibrary] AndroidManifest.xml:44:13-48
69            android:launchMode="singleTask"
69-->[:unityLibrary] AndroidManifest.xml:45:13-44
70            android:screenOrientation="portrait"
70-->[:unityLibrary] AndroidManifest.xml:46:13-49
71            android:theme="@style/UnityThemeSelector" >
71-->[:unityLibrary] AndroidManifest.xml:47:13-54
72            <intent-filter>
72-->[:unityLibrary] AndroidManifest.xml:48:13-52:29
73                <action android:name="android.intent.action.MAIN" />
73-->[:unityLibrary] AndroidManifest.xml:49:17-69
73-->[:unityLibrary] AndroidManifest.xml:49:25-66
74
75                <category android:name="android.intent.category.LAUNCHER" />
75-->[:unityLibrary] AndroidManifest.xml:51:17-77
75-->[:unityLibrary] AndroidManifest.xml:51:27-74
76            </intent-filter>
77
78            <meta-data
78-->[:unityLibrary] AndroidManifest.xml:54:13-56:40
79                android:name="unityplayer.UnityActivity"
79-->[:unityLibrary] AndroidManifest.xml:55:17-57
80                android:value="true" />
80-->[:unityLibrary] AndroidManifest.xml:56:17-37
81            <meta-data
81-->[:unityLibrary] AndroidManifest.xml:57:13-59:40
82                android:name="android.notch_support"
82-->[:unityLibrary] AndroidManifest.xml:58:17-53
83                android:value="true" />
83-->[:unityLibrary] AndroidManifest.xml:59:17-37
84        </activity>
85
86        <meta-data
86-->[:unityLibrary] AndroidManifest.xml:62:9-64:33
87            android:name="unity.splash-mode"
87-->[:unityLibrary] AndroidManifest.xml:63:13-45
88            android:value="0" />
88-->[:unityLibrary] AndroidManifest.xml:64:13-30
89        <meta-data
89-->[:unityLibrary] AndroidManifest.xml:65:9-67:36
90            android:name="unity.splash-enable"
90-->[:unityLibrary] AndroidManifest.xml:66:13-47
91            android:value="True" />
91-->[:unityLibrary] AndroidManifest.xml:67:13-33
92        <meta-data
92-->[:unityLibrary] AndroidManifest.xml:68:9-70:50
93            android:name="notch.config"
93-->[:unityLibrary] AndroidManifest.xml:69:13-40
94            android:value="portrait|landscape" />
94-->[:unityLibrary] AndroidManifest.xml:70:13-47
95        <meta-data
95-->[:unityLibrary] AndroidManifest.xml:71:9-73:68
96            android:name="unity.build-id"
96-->[:unityLibrary] AndroidManifest.xml:72:13-42
97            android:value="fa7a7eae-d38a-4b23-81cd-5dafce51c229" />
97-->[:unityLibrary] AndroidManifest.xml:73:13-65
98
99        <receiver
99-->[:unityLibrary] AndroidManifest.xml:75:9-77:39
100            android:name="com.unity.androidnotifications.UnityNotificationManager"
100-->[:unityLibrary] AndroidManifest.xml:76:13-83
101            android:exported="true" />
101-->[:unityLibrary] AndroidManifest.xml:77:13-36
102        <receiver
102-->[:unityLibrary] AndroidManifest.xml:78:9-84:20
103            android:name="com.unity.androidnotifications.UnityNotificationRestartOnBootReceiver"
103-->[:unityLibrary] AndroidManifest.xml:79:13-97
104            android:enabled="false" >
104-->[:unityLibrary] AndroidManifest.xml:80:13-36
105            <intent-filter>
105-->[:unityLibrary] AndroidManifest.xml:81:13-83:29
106                <action android:name="android.intent.action.BOOT_COMPLETED" />
106-->[:unityLibrary] AndroidManifest.xml:82:17-79
106-->[:unityLibrary] AndroidManifest.xml:82:25-76
107            </intent-filter>
108        </receiver>
109
110        <meta-data
110-->[:unityLibrary] AndroidManifest.xml:86:9-88:36
111            android:name="unityplayer.SkipPermissionsDialog"
111-->[:unityLibrary] AndroidManifest.xml:87:13-61
112            android:value="true" />
112-->[:unityLibrary] AndroidManifest.xml:88:13-33
113        <meta-data
113-->[:unityLibrary] AndroidManifest.xml:89:9-91:40
114            android:name="com.google.ar.core"
114-->[:unityLibrary] AndroidManifest.xml:90:13-46
115            android:value="required" /> <!-- The minimal version code of ARCore APK required for an app using this SDK. -->
115-->[:unityLibrary] AndroidManifest.xml:91:13-37
116        <meta-data
116-->[:arcore_client:] AndroidManifest.xml:36:9-38:41
117            android:name="com.google.ar.core.min_apk_version"
117-->[:arcore_client:] AndroidManifest.xml:37:13-62
118            android:value="201750000" /> <!-- This activity is critical for installing ARCore when it is not already present. -->
118-->[:arcore_client:] AndroidManifest.xml:38:13-38
119        <activity
119-->[:arcore_client:] AndroidManifest.xml:40:9-46:80
120            android:name="com.google.ar.core.InstallActivity"
120-->[:arcore_client:] AndroidManifest.xml:41:13-62
121            android:configChanges="keyboardHidden|orientation|screenSize"
121-->[:arcore_client:] AndroidManifest.xml:42:13-74
122            android:excludeFromRecents="true"
122-->[:arcore_client:] AndroidManifest.xml:43:13-46
123            android:exported="false"
123-->[:arcore_client:] AndroidManifest.xml:44:13-37
124            android:launchMode="singleTop"
124-->[:arcore_client:] AndroidManifest.xml:45:13-43
125            android:theme="@android:style/Theme.Material.Light.Dialog.Alert" />
125-->[:arcore_client:] AndroidManifest.xml:46:13-77
126
127        <provider
127-->[:libtelemetry-full-release:] AndroidManifest.xml:19:9-23:39
128            android:name="com.mapbox.android.telemetry.provider.MapboxTelemetryInitProvider"
128-->[:libtelemetry-full-release:] AndroidManifest.xml:20:13-93
129            android:authorities="com.DefaultCompany.BAP4.mapboxtelemetryinitprovider"
129-->[:libtelemetry-full-release:] AndroidManifest.xml:21:13-79
130            android:exported="false"
130-->[:libtelemetry-full-release:] AndroidManifest.xml:22:13-37
131            android:initOrder="100" />
131-->[:libtelemetry-full-release:] AndroidManifest.xml:23:13-36
132
133        <service
133-->[:libtelemetry-full-release:] AndroidManifest.xml:25:9-27:72
134            android:name="com.mapbox.android.telemetry.crash.CrashReporterJobIntentService"
134-->[:libtelemetry-full-release:] AndroidManifest.xml:26:13-92
135            android:permission="android.permission.BIND_JOB_SERVICE" />
135-->[:libtelemetry-full-release:] AndroidManifest.xml:27:13-69
136
137        <receiver android:name="com.hippogames.simpleandroidnotifications.Controller" />
137-->[:simple-android-notifications:] AndroidManifest.xml:10:3-83
137-->[:simple-android-notifications:] AndroidManifest.xml:10:13-80
138    </application>
139
140</manifest>